<?xml version="1.0" encoding="UTF-8"?>
<testng-results skipped="0" failed="0" total="1" passed="1">
  <reporter-output>
  </reporter-output>
  <suite name="Default suite" duration-ms="11131" started-at="2021-01-21T15:46:39Z" finished-at="2021-01-21T15:46:50Z">
    <groups>
    </groups>
    <test name="Default test" duration-ms="11131" started-at="2021-01-21T15:46:39Z" finished-at="2021-01-21T15:46:50Z">
      <class name="com.acti.base.DriverScript">
        <test-method status="PASS" signature="initBrowser()[pri:0, instance:com.acti.base.DriverScript@523884b2]" name="initBrowser" duration-ms="11104" started-at="2021-01-21T10:46:39Z" finished-at="2021-01-21T10:46:50Z">
          <reporter-output>
          </reporter-output>
        </test-method> <!-- initBrowser -->
      </class> <!-- com.acti.base.DriverScript -->
    </test> <!-- Default test -->
  </suite> <!-- Default suite -->
</testng-results>
